build/app/intermediates/manifest_merge_blame_file/release/manifest-merger-blame-release-report.txt
1<?xml version="1.0" encoding="utf-8"?>
2<manifest xmlns:android="http://schemas.android.com/apk/res/android"
3    package="com.example.hugojr_cifras"
4    android:versionCode="1"
5    android:versionName="1.0.0" >
6
7    <uses-sdk
8        android:minSdkVersion="21"
8-->src/main/AndroidManifest.xml
9        android:targetSdkVersion="34" />
9-->src/main/AndroidManifest.xml
10    <!--
11         Required to query activities that can process text, see:
12         https://developer.android.com/training/package-visibility and
13         https://developer.android.com/reference/android/content/Intent#ACTION_PROCESS_TEXT.
14
15         In particular, this is used by the Flutter engine in io.flutter.plugin.text.ProcessTextPlugin.
16    -->
17    <queries>
17-->src/main/AndroidManifest.xml:39:5-44:15
18        <intent>
18-->src/main/AndroidManifest.xml:40:9-43:18
19            <action android:name="android.intent.action.PROCESS_TEXT" />
19-->src/main/AndroidManifest.xml:41:13-72
19-->src/main/AndroidManifest.xml:41:21-70
20
21            <data android:mimeType="text/plain" />
21-->src/main/AndroidManifest.xml:42:13-50
21-->src/main/AndroidManifest.xml:42:19-48
22        </intent>
23    </queries>
24
25    <permission
25-->[androidx.core:core:1.9.0] AndroidManifest.xml:22:5-24:47
26        android:name="com.example.hugojr_cifras.DYNAMIC_RECEIVER_NOT_EXPORTED_PERMISSION"
26-->[androidx.core:core:1.9.0] AndroidManifest.xml:23:9-81
27        android:protectionLevel="signature" />
27-->[androidx.core:core:1.9.0] AndroidManifest.xml:24:9-44
28
29    <uses-permission android:name="com.example.hugojr_cifras.DYNAMIC_RECEIVER_NOT_EXPORTED_PERMISSION" />
29-->[androidx.core:core:1.9.0] AndroidManifest.xml:26:5-97
29-->[androidx.core:core:1.9.0] AndroidManifest.xml:26:22-94
30
31    <application
32        android:name="android.app.Application"
32-->src/main/AndroidManifest.xml:4:9-42
33        android:appComponentFactory="androidx.core.app.CoreComponentFactory"
33-->[androidx.core:core:1.9.0] AndroidManifest.xml:28:18-86
34        android:icon="@mipmap/ic_launcher"
34-->src/main/AndroidManifest.xml:5:9-43
35        android:label="hugojr_cifras" >
35-->src/main/AndroidManifest.xml:3:9-38
36        <activity
36-->src/main/AndroidManifest.xml:6:9-27:20
37            android:name="com.example.hugojr_cifras.MainActivity"
37-->src/main/AndroidManifest.xml:7:13-41
38            android:configChanges="orientation|keyboardHidden|keyboard|screenSize|smallestScreenSize|locale|layoutDirection|fontScale|screenLayout|density|uiMode"
38-->src/main/AndroidManifest.xml:12:13-163
39            android:exported="true"
39-->src/main/AndroidManifest.xml:8:13-36
40            android:hardwareAccelerated="true"
40-->src/main/AndroidManifest.xml:13:13-47
41            android:launchMode="singleTop"
41-->src/main/AndroidManifest.xml:9:13-43
42            android:taskAffinity=""
42-->src/main/AndroidManifest.xml:10:13-36
43            android:theme="@style/LaunchTheme"
43-->src/main/AndroidManifest.xml:11:13-47
44            android:windowSoftInputMode="adjustResize" >
44-->src/main/AndroidManifest.xml:14:13-55
45
46            <!--
47                 Specifies an Android theme to apply to this Activity as soon as
48                 the Android process has started. This theme is visible to the user
49                 while the Flutter UI initializes. After that, this theme continues
50                 to determine the Window background behind the Flutter UI.
51            -->
52            <meta-data
52-->src/main/AndroidManifest.xml:19:13-22:17
53                android:name="io.flutter.embedding.android.NormalTheme"
53-->src/main/AndroidManifest.xml:20:15-70
54                android:resource="@style/NormalTheme" />
54-->src/main/AndroidManifest.xml:21:15-52
55
56            <intent-filter>
56-->src/main/AndroidManifest.xml:23:13-26:29
57                <action android:name="android.intent.action.MAIN" />
57-->src/main/AndroidManifest.xml:24:17-68
57-->src/main/AndroidManifest.xml:24:25-66
58
59                <category android:name="android.intent.category.LAUNCHER" />
59-->src/main/AndroidManifest.xml:25:17-76
59-->src/main/AndroidManifest.xml:25:27-74
60            </intent-filter>
61        </activity>
62        <!--
63             Don't delete the meta-data below.
64             This is used by the Flutter tool to generate GeneratedPluginRegistrant.java
65        -->
66        <meta-data
66-->src/main/AndroidManifest.xml:30:9-32:33
67            android:name="flutterEmbedding"
67-->src/main/AndroidManifest.xml:31:13-44
68            android:value="2" />
68-->src/main/AndroidManifest.xml:32:13-30
69        <!--
70           Declares a provider which allows us to store files to share in
71           '.../caches/share_plus' and grant the receiving action access
72        -->
73        <provider
73-->[:share_plus] AndroidManifest.xml:15:9-23:20
74            android:name="dev.fluttercommunity.plus.share.ShareFileProvider"
74-->[:share_plus] AndroidManifest.xml:16:13-77
75            android:authorities="com.example.hugojr_cifras.flutter.share_provider"
75-->[:share_plus] AndroidManifest.xml:17:13-74
76            android:exported="false"
76-->[:share_plus] AndroidManifest.xml:18:13-37
77            android:grantUriPermissions="true" >
77-->[:share_plus] AndroidManifest.xml:19:13-47
78            <meta-data
78-->[:share_plus] AndroidManifest.xml:20:13-22:68
79                android:name="android.support.FILE_PROVIDER_PATHS"
79-->[:share_plus] AndroidManifest.xml:21:17-67
80                android:resource="@xml/flutter_share_file_paths" />
80-->[:share_plus] AndroidManifest.xml:22:17-65
81        </provider>
82        <!--
83           This manifest declared broadcast receiver allows us to use an explicit
84           Intent when creating a PendingItent to be informed of the user's choice
85        -->
86        <receiver
86-->[:share_plus] AndroidManifest.xml:28:9-34:20
87            android:name="dev.fluttercommunity.plus.share.SharePlusPendingIntent"
87-->[:share_plus] AndroidManifest.xml:29:13-82
88            android:exported="false" >
88-->[:share_plus] AndroidManifest.xml:30:13-37
89            <intent-filter>
89-->[:share_plus] AndroidManifest.xml:31:13-33:29
90                <action android:name="EXTRA_CHOSEN_COMPONENT" />
90-->[:share_plus] AndroidManifest.xml:32:17-65
90-->[:share_plus] AndroidManifest.xml:32:25-62
91            </intent-filter>
92        </receiver>
93
94        <uses-library
94-->[androidx.window:window:1.0.0-beta04] AndroidManifest.xml:25:9-27:40
95            android:name="androidx.window.extensions"
95-->[androidx.window:window:1.0.0-beta04] AndroidManifest.xml:26:13-54
96            android:required="false" />
96-->[androidx.window:window:1.0.0-beta04] AndroidManifest.xml:27:13-37
97        <uses-library
97-->[androidx.window:window:1.0.0-beta04] AndroidManifest.xml:28:9-30:40
98            android:name="androidx.window.sidecar"
98-->[androidx.window:window:1.0.0-beta04] AndroidManifest.xml:29:13-51
99            android:required="false" />
99-->[androidx.window:window:1.0.0-beta04] AndroidManifest.xml:30:13-37
100    </application>
101
102</manifest>